   1               		.file	"keymap_common.c"
   2               	__SP_H__ = 0x3e
   3               	__SP_L__ = 0x3d
   4               	__SREG__ = 0x3f
   5               	__tmp_reg__ = 0
   6               	__zero_reg__ = 1
   7               		.text
   8               	.Ltext0:
   9               		.cfi_sections	.debug_frame
  10               		.section	.text.action_get_macro,"ax",@progbits
  11               		.weak	action_get_macro
  13               	action_get_macro:
  14               	.LFB111:
  15               		.file 1 "quantum/keymap_common.c"
   1:quantum/keymap_common.c **** /*
   2:quantum/keymap_common.c **** Copyright 2012-2017 Jun Wako <wakojun@gmail.com>
   3:quantum/keymap_common.c **** 
   4:quantum/keymap_common.c **** This program is free software: you can redistribute it and/or modify
   5:quantum/keymap_common.c **** it under the terms of the GNU General Public License as published by
   6:quantum/keymap_common.c **** the Free Software Foundation, either version 2 of the License, or
   7:quantum/keymap_common.c **** (at your option) any later version.
   8:quantum/keymap_common.c **** 
   9:quantum/keymap_common.c **** This program is distributed in the hope that it will be useful,
  10:quantum/keymap_common.c **** but WITHOUT ANY WARRANTY; without even the implied warranty of
  11:quantum/keymap_common.c **** MERCHANTABILITY or FITNESS FOR A PARTICULAR PURPOSE.  See the
  12:quantum/keymap_common.c **** GNU General Public License for more details.
  13:quantum/keymap_common.c **** 
  14:quantum/keymap_common.c **** You should have received a copy of the GNU General Public License
  15:quantum/keymap_common.c **** along with this program.  If not, see <http://www.gnu.org/licenses/>.
  16:quantum/keymap_common.c **** */
  17:quantum/keymap_common.c **** 
  18:quantum/keymap_common.c **** #include "keymap.h"
  19:quantum/keymap_common.c **** #include "report.h"
  20:quantum/keymap_common.c **** #include "keycode.h"
  21:quantum/keymap_common.c **** #include "action_layer.h"
  22:quantum/keymap_common.c **** #if defined(__AVR__)
  23:quantum/keymap_common.c **** #include <util/delay.h>
  24:quantum/keymap_common.c **** #include <stdio.h>
  25:quantum/keymap_common.c **** #endif
  26:quantum/keymap_common.c **** #include "action.h"
  27:quantum/keymap_common.c **** #include "action_macro.h"
  28:quantum/keymap_common.c **** #include "debug.h"
  29:quantum/keymap_common.c **** #include "backlight.h"
  30:quantum/keymap_common.c **** #include "quantum.h"
  31:quantum/keymap_common.c **** 
  32:quantum/keymap_common.c **** #ifdef MIDI_ENABLE
  33:quantum/keymap_common.c **** 	#include "process_midi.h"
  34:quantum/keymap_common.c **** #endif
  35:quantum/keymap_common.c **** 
  36:quantum/keymap_common.c **** extern keymap_config_t keymap_config;
  37:quantum/keymap_common.c **** 
  38:quantum/keymap_common.c **** #include <inttypes.h>
  39:quantum/keymap_common.c **** 
  40:quantum/keymap_common.c **** /* converts key to action */
  41:quantum/keymap_common.c **** action_t action_for_key(uint8_t layer, keypos_t key)
  42:quantum/keymap_common.c **** {
  43:quantum/keymap_common.c ****     // 16bit keycodes - important
  44:quantum/keymap_common.c ****     uint16_t keycode = keymap_key_to_keycode(layer, key);
  45:quantum/keymap_common.c **** 
  46:quantum/keymap_common.c ****     // keycode remapping
  47:quantum/keymap_common.c ****     keycode = keycode_config(keycode);
  48:quantum/keymap_common.c **** 
  49:quantum/keymap_common.c ****     action_t action;
  50:quantum/keymap_common.c ****     uint8_t action_layer, when, mod;
  51:quantum/keymap_common.c **** 
  52:quantum/keymap_common.c ****     switch (keycode) {
  53:quantum/keymap_common.c ****         case KC_FN0 ... KC_FN31:
  54:quantum/keymap_common.c ****             action.code = keymap_function_id_to_action(FN_INDEX(keycode));
  55:quantum/keymap_common.c ****             break;
  56:quantum/keymap_common.c ****         case KC_A ... KC_EXSEL:
  57:quantum/keymap_common.c ****         case KC_LCTRL ... KC_RGUI:
  58:quantum/keymap_common.c ****             action.code = ACTION_KEY(keycode);
  59:quantum/keymap_common.c ****             break;
  60:quantum/keymap_common.c ****         case KC_SYSTEM_POWER ... KC_SYSTEM_WAKE:
  61:quantum/keymap_common.c ****             action.code = ACTION_USAGE_SYSTEM(KEYCODE2SYSTEM(keycode));
  62:quantum/keymap_common.c ****             break;
  63:quantum/keymap_common.c ****         case KC_AUDIO_MUTE ... KC_MEDIA_REWIND:
  64:quantum/keymap_common.c ****             action.code = ACTION_USAGE_CONSUMER(KEYCODE2CONSUMER(keycode));
  65:quantum/keymap_common.c ****             break;
  66:quantum/keymap_common.c ****         case KC_MS_UP ... KC_MS_ACCEL2:
  67:quantum/keymap_common.c ****             action.code = ACTION_MOUSEKEY(keycode);
  68:quantum/keymap_common.c ****             break;
  69:quantum/keymap_common.c ****         case KC_TRNS:
  70:quantum/keymap_common.c ****             action.code = ACTION_TRANSPARENT;
  71:quantum/keymap_common.c ****             break;
  72:quantum/keymap_common.c ****         case QK_MODS ... QK_MODS_MAX: ;
  73:quantum/keymap_common.c ****             // Has a modifier
  74:quantum/keymap_common.c ****             // Split it up
  75:quantum/keymap_common.c ****             action.code = ACTION_MODS_KEY(keycode >> 8, keycode & 0xFF); // adds modifier to key
  76:quantum/keymap_common.c ****             break;
  77:quantum/keymap_common.c ****         case QK_FUNCTION ... QK_FUNCTION_MAX: ;
  78:quantum/keymap_common.c ****             // Is a shortcut for function action_layer, pull last 12bits
  79:quantum/keymap_common.c ****             // This means we have 4,096 FN macros at our disposal
  80:quantum/keymap_common.c ****             action.code = keymap_function_id_to_action( (int)keycode & 0xFFF );
  81:quantum/keymap_common.c ****             break;
  82:quantum/keymap_common.c ****         case QK_MACRO ... QK_MACRO_MAX:
  83:quantum/keymap_common.c ****             if (keycode & 0x800) // tap macros have upper bit set
  84:quantum/keymap_common.c ****                 action.code = ACTION_MACRO_TAP(keycode & 0xFF);
  85:quantum/keymap_common.c ****             else
  86:quantum/keymap_common.c ****                 action.code = ACTION_MACRO(keycode & 0xFF);
  87:quantum/keymap_common.c ****             break;
  88:quantum/keymap_common.c ****         case QK_LAYER_TAP ... QK_LAYER_TAP_MAX:
  89:quantum/keymap_common.c ****             action.code = ACTION_LAYER_TAP_KEY((keycode >> 0x8) & 0xF, keycode & 0xFF);
  90:quantum/keymap_common.c ****             break;
  91:quantum/keymap_common.c ****         case QK_TO ... QK_TO_MAX: ;
  92:quantum/keymap_common.c ****             // Layer set "GOTO"
  93:quantum/keymap_common.c ****             when = (keycode >> 0x4) & 0x3;
  94:quantum/keymap_common.c ****             action_layer = keycode & 0xF;
  95:quantum/keymap_common.c ****             action.code = ACTION_LAYER_SET(action_layer, when);
  96:quantum/keymap_common.c ****             break;
  97:quantum/keymap_common.c ****         case QK_MOMENTARY ... QK_MOMENTARY_MAX: ;
  98:quantum/keymap_common.c ****             // Momentary action_layer
  99:quantum/keymap_common.c ****             action_layer = keycode & 0xFF;
 100:quantum/keymap_common.c ****             action.code = ACTION_LAYER_MOMENTARY(action_layer);
 101:quantum/keymap_common.c ****             break;
 102:quantum/keymap_common.c ****         case QK_DEF_LAYER ... QK_DEF_LAYER_MAX: ;
 103:quantum/keymap_common.c ****             // Set default action_layer
 104:quantum/keymap_common.c ****             action_layer = keycode & 0xFF;
 105:quantum/keymap_common.c ****             action.code = ACTION_DEFAULT_LAYER_SET(action_layer);
 106:quantum/keymap_common.c ****             break;
 107:quantum/keymap_common.c ****         case QK_TOGGLE_LAYER ... QK_TOGGLE_LAYER_MAX: ;
 108:quantum/keymap_common.c ****             // Set toggle
 109:quantum/keymap_common.c ****             action_layer = keycode & 0xFF;
 110:quantum/keymap_common.c ****             action.code = ACTION_LAYER_TOGGLE(action_layer);
 111:quantum/keymap_common.c ****             break;
 112:quantum/keymap_common.c ****         case QK_ONE_SHOT_LAYER ... QK_ONE_SHOT_LAYER_MAX: ;
 113:quantum/keymap_common.c ****             // OSL(action_layer) - One-shot action_layer
 114:quantum/keymap_common.c ****             action_layer = keycode & 0xFF;
 115:quantum/keymap_common.c ****             action.code = ACTION_LAYER_ONESHOT(action_layer);
 116:quantum/keymap_common.c ****             break;
 117:quantum/keymap_common.c ****         case QK_ONE_SHOT_MOD ... QK_ONE_SHOT_MOD_MAX: ;
 118:quantum/keymap_common.c ****             // OSM(mod) - One-shot mod
 119:quantum/keymap_common.c ****             mod = keycode & 0xFF;
 120:quantum/keymap_common.c ****             action.code = ACTION_MODS_ONESHOT(mod);
 121:quantum/keymap_common.c ****             break;
 122:quantum/keymap_common.c ****         case QK_LAYER_TAP_TOGGLE ... QK_LAYER_TAP_TOGGLE_MAX:
 123:quantum/keymap_common.c ****             action.code = ACTION_LAYER_TAP_TOGGLE(keycode & 0xFF);
 124:quantum/keymap_common.c ****             break;
 125:quantum/keymap_common.c ****         case QK_LAYER_MOD ... QK_LAYER_MOD_MAX:
 126:quantum/keymap_common.c ****             mod = keycode & 0xF;
 127:quantum/keymap_common.c ****             action_layer = (keycode >> 4) & 0xF;
 128:quantum/keymap_common.c ****             action.code = ACTION_LAYER_MODS(action_layer, mod);
 129:quantum/keymap_common.c ****             break;
 130:quantum/keymap_common.c ****         case QK_MOD_TAP ... QK_MOD_TAP_MAX:
 131:quantum/keymap_common.c ****             mod = mod_config((keycode >> 0x8) & 0x1F);
 132:quantum/keymap_common.c ****             action.code = ACTION_MODS_TAP_KEY(mod, keycode & 0xFF);
 133:quantum/keymap_common.c ****             break;
 134:quantum/keymap_common.c ****     #ifdef BACKLIGHT_ENABLE
 135:quantum/keymap_common.c ****         case BL_ON:
 136:quantum/keymap_common.c ****             action.code = ACTION_BACKLIGHT_ON();
 137:quantum/keymap_common.c ****             break;
 138:quantum/keymap_common.c ****         case BL_OFF:
 139:quantum/keymap_common.c ****             action.code = ACTION_BACKLIGHT_OFF();
 140:quantum/keymap_common.c ****             break;
 141:quantum/keymap_common.c ****         case BL_DEC:
 142:quantum/keymap_common.c ****             action.code = ACTION_BACKLIGHT_DECREASE();
 143:quantum/keymap_common.c ****             break;
 144:quantum/keymap_common.c ****         case BL_INC:
 145:quantum/keymap_common.c ****             action.code = ACTION_BACKLIGHT_INCREASE();
 146:quantum/keymap_common.c ****             break;
 147:quantum/keymap_common.c ****         case BL_TOGG:
 148:quantum/keymap_common.c ****             action.code = ACTION_BACKLIGHT_TOGGLE();
 149:quantum/keymap_common.c ****             break;
 150:quantum/keymap_common.c ****         case BL_STEP:
 151:quantum/keymap_common.c ****             action.code = ACTION_BACKLIGHT_STEP();
 152:quantum/keymap_common.c ****             break;
 153:quantum/keymap_common.c ****     #endif
 154:quantum/keymap_common.c ****     #ifdef SWAP_HANDS_ENABLE
 155:quantum/keymap_common.c ****         case QK_SWAP_HANDS ... QK_SWAP_HANDS_MAX:
 156:quantum/keymap_common.c ****             action.code = ACTION(ACT_SWAP_HANDS, keycode & 0xff);
 157:quantum/keymap_common.c ****             break;
 158:quantum/keymap_common.c ****     #endif
 159:quantum/keymap_common.c **** 
 160:quantum/keymap_common.c ****         default:
 161:quantum/keymap_common.c ****             action.code = ACTION_NO;
 162:quantum/keymap_common.c ****             break;
 163:quantum/keymap_common.c ****     }
 164:quantum/keymap_common.c ****     return action;
 165:quantum/keymap_common.c **** }
 166:quantum/keymap_common.c **** 
 167:quantum/keymap_common.c **** __attribute__ ((weak))
 168:quantum/keymap_common.c **** const uint16_t PROGMEM fn_actions[] = {
 169:quantum/keymap_common.c **** 
 170:quantum/keymap_common.c **** };
 171:quantum/keymap_common.c **** 
 172:quantum/keymap_common.c **** /* Macro */
 173:quantum/keymap_common.c **** __attribute__ ((weak))
 174:quantum/keymap_common.c **** const macro_t *action_get_macro(keyrecord_t *record, uint8_t id, uint8_t opt)
 175:quantum/keymap_common.c **** {
  16               		.loc 1 175 0
  17               		.cfi_startproc
  18               	.LVL0:
  19               	/* prologue: function */
  20               	/* frame size = 0 */
  21               	/* stack size = 0 */
  22               	.L__stack_usage = 0
 176:quantum/keymap_common.c ****     return MACRO_NONE;
 177:quantum/keymap_common.c **** }
  23               		.loc 1 177 0
  24 0000 80E0      		ldi r24,0
  25 0002 90E0      		ldi r25,0
  26               	.LVL1:
  27 0004 0895      		ret
  28               		.cfi_endproc
  29               	.LFE111:
  31               		.section	.text.action_function,"ax",@progbits
  32               		.weak	action_function
  34               	action_function:
  35               	.LFB112:
 178:quantum/keymap_common.c **** 
 179:quantum/keymap_common.c **** /* Function */
 180:quantum/keymap_common.c **** __attribute__ ((weak))
 181:quantum/keymap_common.c **** void action_function(keyrecord_t *record, uint8_t id, uint8_t opt)
 182:quantum/keymap_common.c **** {
  36               		.loc 1 182 0
  37               		.cfi_startproc
  38               	.LVL2:
  39               	/* prologue: function */
  40               	/* frame size = 0 */
  41               	/* stack size = 0 */
  42               	.L__stack_usage = 0
  43 0000 0895      		ret
  44               		.cfi_endproc
  45               	.LFE112:
  47               		.section	.text.keymap_key_to_keycode,"ax",@progbits
  48               		.weak	keymap_key_to_keycode
  50               	keymap_key_to_keycode:
  51               	.LFB113:
 183:quantum/keymap_common.c **** }
 184:quantum/keymap_common.c **** 
 185:quantum/keymap_common.c **** // translates key to keycode
 186:quantum/keymap_common.c **** __attribute__ ((weak))
 187:quantum/keymap_common.c **** uint16_t keymap_key_to_keycode(uint8_t layer, keypos_t key)
 188:quantum/keymap_common.c **** {
  52               		.loc 1 188 0
  53               		.cfi_startproc
  54               	.LVL3:
  55               	/* prologue: function */
  56               	/* frame size = 0 */
  57               	/* stack size = 0 */
  58               	.L__stack_usage = 0
  59               	.LBB2:
 189:quantum/keymap_common.c ****     // Read entire word (16bits)
 190:quantum/keymap_common.c ****     return pgm_read_word(&keymaps[(layer)][(key.row)][(key.col)]);
  60               		.loc 1 190 0
  61 0000 9FE0      		ldi r25,lo8(15)
  62 0002 799F      		mul r23,r25
  63 0004 F001      		movw r30,r0
  64 0006 1124      		clr __zero_reg__
  65 0008 9BE4      		ldi r25,lo8(75)
  66 000a 899F      		mul r24,r25
  67 000c E00D      		add r30,r0
  68 000e F11D      		adc r31,r1
  69 0010 1124      		clr __zero_reg__
  70 0012 E60F      		add r30,r22
  71 0014 F11D      		adc r31,__zero_reg__
  72 0016 EE0F      		lsl r30
  73 0018 FF1F      		rol r31
  74               	.LVL4:
  75 001a E050      		subi r30,lo8(-(keymaps))
  76 001c F040      		sbci r31,hi8(-(keymaps))
  77               	.LVL5:
  78               	.LBE2:
 191:quantum/keymap_common.c **** }
  79               		.loc 1 191 0
  80               	/* #APP */
  81               	 ;  190 "quantum/keymap_common.c" 1
  82 001e 8591      		lpm r24, Z+
  83 0020 9491      		lpm r25, Z
  84               		
  85               	 ;  0 "" 2
  86               	/* #NOAPP */
  87 0022 0895      		ret
  88               		.cfi_endproc
  89               	.LFE113:
  91               		.section	.text.keymap_function_id_to_action,"ax",@progbits
  92               		.weak	keymap_function_id_to_action
  94               	keymap_function_id_to_action:
  95               	.LFB114:
 192:quantum/keymap_common.c **** 
 193:quantum/keymap_common.c **** // translates function id to action
 194:quantum/keymap_common.c **** __attribute__ ((weak))
 195:quantum/keymap_common.c **** uint16_t keymap_function_id_to_action( uint16_t function_id )
 196:quantum/keymap_common.c **** {
  96               		.loc 1 196 0
  97               		.cfi_startproc
  98               	.LVL6:
  99               	/* prologue: function */
 100               	/* frame size = 0 */
 101               	/* stack size = 0 */
 102               	.L__stack_usage = 0
 103               	.LBB3:
 197:quantum/keymap_common.c ****     // The compiler sees the empty (weak) fn_actions and generates a warning
 198:quantum/keymap_common.c ****     // This function should not be called in that case, so the warning is too strict
 199:quantum/keymap_common.c ****     // If this function is called however, the keymap should have overridden fn_actions, and then t
 200:quantum/keymap_common.c ****     // is comparing against the wrong array
 201:quantum/keymap_common.c ****     #pragma GCC diagnostic push
 202:quantum/keymap_common.c ****     #pragma GCC diagnostic ignored "-Warray-bounds"
 203:quantum/keymap_common.c **** 	return pgm_read_word(&fn_actions[function_id]);
 104               		.loc 1 203 0
 105 0000 880F      		lsl r24
 106 0002 991F      		rol r25
 107               	.LVL7:
 108 0004 FC01      		movw r30,r24
 109 0006 E050      		subi r30,lo8(-(fn_actions))
 110 0008 F040      		sbci r31,hi8(-(fn_actions))
 111               	.LVL8:
 112               	.LBE3:
 204:quantum/keymap_common.c ****     #pragma GCC diagnostic pop
 205:quantum/keymap_common.c **** }
 113               		.loc 1 205 0
 114               	/* #APP */
 115               	 ;  203 "quantum/keymap_common.c" 1
 116 000a 8591      		lpm r24, Z+
 117 000c 9491      		lpm r25, Z
 118               		
 119               	 ;  0 "" 2
 120               	/* #NOAPP */
 121 000e 0895      		ret
 122               		.cfi_endproc
 123               	.LFE114:
 125               		.section	.text.action_for_key,"ax",@progbits
 126               	.global	action_for_key
 128               	action_for_key:
 129               	.LFB110:
  42:quantum/keymap_common.c ****     // 16bit keycodes - important
 130               		.loc 1 42 0
 131               		.cfi_startproc
 132               	.LVL9:
 133 0000 CF93      		push r28
 134               	.LCFI0:
 135               		.cfi_def_cfa_offset 3
 136               		.cfi_offset 28, -2
 137 0002 DF93      		push r29
 138               	.LCFI1:
 139               		.cfi_def_cfa_offset 4
 140               		.cfi_offset 29, -3
 141               	/* prologue: function */
 142               	/* frame size = 0 */
 143               	/* stack size = 2 */
 144               	.L__stack_usage = 2
  44:quantum/keymap_common.c **** 
 145               		.loc 1 44 0
 146 0004 0E94 0000 		call keymap_key_to_keycode
 147               	.LVL10:
  47:quantum/keymap_common.c **** 
 148               		.loc 1 47 0
 149 0008 0E94 0000 		call keycode_config
 150               	.LVL11:
 151 000c EC01      		movw r28,r24
 152               	.LVL12:
  52:quantum/keymap_common.c ****         case KC_FN0 ... KC_FN31:
 153               		.loc 1 52 0
 154 000e 8115      		cp r24,__zero_reg__
 155 0010 21E5      		ldi r18,81
 156 0012 9207      		cpc r25,r18
 157 0014 00F0      		brlo .+2
 158 0016 00C0      		rjmp .L7
 159 0018 8115      		cp r24,__zero_reg__
 160 001a 30E5      		ldi r19,80
 161 001c 9307      		cpc r25,r19
 162 001e 00F0      		brlo .+2
 163 0020 00C0      		rjmp .L8
 164 0022 883E      		cpi r24,-24
 165 0024 9105      		cpc r25,__zero_reg__
 166 0026 00F4      		brsh .L9
 167 0028 803E      		cpi r24,-32
 168 002a 9105      		cpc r25,__zero_reg__
 169 002c 00F0      		brlo .+2
 170 002e 00C0      		rjmp .L10
 171 0030 883A      		cpi r24,-88
 172 0032 9105      		cpc r25,__zero_reg__
 173 0034 00F4      		brsh .L11
 174 0036 853A      		cpi r24,-91
 175 0038 9105      		cpc r25,__zero_reg__
 176 003a 00F0      		brlo .+2
 177 003c 00C0      		rjmp .L12
 178 003e 8130      		cpi r24,1
 179 0040 9105      		cpc r25,__zero_reg__
 180 0042 01F4      		brne .+2
 181 0044 00C0      		rjmp .L10
 182 0046 00F4      		brsh .+2
 183 0048 00C0      		rjmp .L6
 184 004a 0497      		sbiw r24,4
 185 004c 00F0      		brlo .+2
 186 004e 00C0      		rjmp .L10
 187 0050 00C0      		rjmp .L6
 188               	.L11:
 189 0052 8D3B      		cpi r24,-67
 190 0054 9105      		cpc r25,__zero_reg__
 191 0056 00F4      		brsh .+2
 192 0058 00C0      		rjmp .L13
 193 005a 803C      		cpi r24,-64
 194 005c 9105      		cpc r25,__zero_reg__
 195 005e 00F4      		brsh .+2
 196 0060 00C0      		rjmp .L6
  54:quantum/keymap_common.c ****             break;
 197               		.loc 1 54 0
 198 0062 805C      		subi r24,-64
 199 0064 9109      		sbc r25,__zero_reg__
 200               	.LVL13:
 201 0066 00C0      		rjmp .L71
 202               	.LVL14:
 203               	.L9:
  52:quantum/keymap_common.c ****         case KC_FN0 ... KC_FN31:
 204               		.loc 1 52 0
 205 0068 8115      		cp r24,__zero_reg__
 206 006a 40E3      		ldi r20,48
 207 006c 9407      		cpc r25,r20
 208 006e 00F4      		brsh .L15
 209 0070 8115      		cp r24,__zero_reg__
 210 0072 50E2      		ldi r21,32
 211 0074 9507      		cpc r25,r21
 212 0076 00F0      		brlo .+2
 213 0078 00C0      		rjmp .L16
 214 007a 803F      		cpi r24,-16
 215 007c 9105      		cpc r25,__zero_reg__
 216 007e 00F4      		brsh .+2
 217 0080 00C0      		rjmp .L6
 218 0082 8F3F      		cpi r24,-1
 219 0084 9105      		cpc r25,__zero_reg__
 220 0086 01F0      		breq .+4
 221 0088 00F0      		brlo .+2
 222 008a 00C0      		rjmp .L10
  67:quantum/keymap_common.c ****             break;
 223               		.loc 1 67 0
 224 008c D065      		ori r29,80
 225               	.LVL15:
  68:quantum/keymap_common.c ****         case KC_TRNS:
 226               		.loc 1 68 0
 227 008e 00C0      		rjmp .L10
 228               	.LVL16:
 229               	.L15:
  52:quantum/keymap_common.c ****         case KC_FN0 ... KC_FN31:
 230               		.loc 1 52 0
 231 0090 8115      		cp r24,__zero_reg__
 232 0092 60E4      		ldi r22,64
 233 0094 9607      		cpc r25,r22
 234 0096 00F0      		brlo .+2
 235 0098 00C0      		rjmp .L66
 236 009a 00C0      		rjmp .L73
 237               	.L7:
 238 009c C115      		cp r28,__zero_reg__
 239 009e 89E5      		ldi r24,89
 240 00a0 D807      		cpc r29,r24
 241               	.LVL17:
 242 00a2 00F4      		brsh .L20
 243 00a4 C115      		cp r28,__zero_reg__
 244 00a6 28E5      		ldi r18,88
 245 00a8 D207      		cpc r29,r18
 246 00aa 00F0      		brlo .+2
 247 00ac 00C0      		rjmp .L21
 248 00ae C115      		cp r28,__zero_reg__
 249 00b0 34E5      		ldi r19,84
 250 00b2 D307      		cpc r29,r19
 251 00b4 00F4      		brsh .L22
 252 00b6 C115      		cp r28,__zero_reg__
 253 00b8 43E5      		ldi r20,83
 254 00ba D407      		cpc r29,r20
 255 00bc 00F0      		brlo .+2
 256 00be 00C0      		rjmp .L23
 257 00c0 C115      		cp r28,__zero_reg__
 258 00c2 52E5      		ldi r21,82
 259 00c4 D507      		cpc r29,r21
 260 00c6 00F0      		brlo .+2
 261 00c8 00C0      		rjmp .L67
 262               	.LVL18:
 100:quantum/keymap_common.c ****             break;
 263               		.loc 1 100 0
 264 00ca DC2F      		mov r29,r28
 265 00cc CC27      		clr r28
 266               	.LVL19:
 267 00ce C16F      		ori r28,241
 268 00d0 D06A      		ori r29,160
 269               	.LVL20:
 101:quantum/keymap_common.c ****         case QK_DEF_LAYER ... QK_DEF_LAYER_MAX: ;
 270               		.loc 1 101 0
 271 00d2 00C0      		rjmp .L10
 272               	.LVL21:
 273               	.L22:
  52:quantum/keymap_common.c ****         case KC_FN0 ... KC_FN31:
 274               		.loc 1 52 0
 275 00d4 C115      		cp r28,__zero_reg__
 276 00d6 65E5      		ldi r22,85
 277 00d8 D607      		cpc r29,r22
 278 00da 00F4      		brsh .+2
 279 00dc 00C0      		rjmp .L26
 280 00de C115      		cp r28,__zero_reg__
 281 00e0 86E5      		ldi r24,86
 282 00e2 D807      		cpc r29,r24
 283 00e4 00F0      		brlo .+2
 284 00e6 00C0      		rjmp .L6
 285               	.LVL22:
 120:quantum/keymap_common.c ****             break;
 286               		.loc 1 120 0
 287 00e8 CF71      		andi r28,31
 288 00ea DD27      		clr r29
 289               	.LVL23:
 290 00ec DC2F      		mov r29,r28
 291 00ee CC27      		clr r28
 292 00f0 D062      		ori r29,32
 293               	.LVL24:
 121:quantum/keymap_common.c ****         case QK_LAYER_TAP_TOGGLE ... QK_LAYER_TAP_TOGGLE_MAX:
 294               		.loc 1 121 0
 295 00f2 00C0      		rjmp .L10
 296               	.LVL25:
 297               	.L20:
  52:quantum/keymap_common.c ****         case KC_FN0 ... KC_FN31:
 298               		.loc 1 52 0
 299 00f4 C53B      		cpi r28,-75
 300 00f6 2CE5      		ldi r18,92
 301 00f8 D207      		cpc r29,r18
 302 00fa 01F4      		brne .+2
 303 00fc 00C0      		rjmp .L28
 304 00fe 00F4      		brsh .L29
 305 0100 C33B      		cpi r28,-77
 306 0102 4CE5      		ldi r20,92
 307 0104 D407      		cpc r29,r20
 308 0106 01F4      		brne .+2
 309 0108 00C0      		rjmp .L30
 310 010a 00F0      		brlo .+2
 311 010c 00C0      		rjmp .L31
 312 010e C115      		cp r28,__zero_reg__
 313 0110 6AE5      		ldi r22,90
 314 0112 D607      		cpc r29,r22
 315 0114 00F0      		brlo .+2
 316 0116 00C0      		rjmp .L6
 317               	.LVL26:
 126:quantum/keymap_common.c ****             action_layer = (keycode >> 4) & 0xF;
 318               		.loc 1 126 0
 319 0118 8C2F      		mov r24,r28
 320 011a 8F70      		andi r24,lo8(15)
 128:quantum/keymap_common.c ****             break;
 321               		.loc 1 128 0
 322 011c 806E      		ori r24,lo8(-32)
 323 011e 90E0      		ldi r25,0
 324 0120 906A      		ori r25,160
 127:quantum/keymap_common.c ****             action.code = ACTION_LAYER_MODS(action_layer, mod);
 325               		.loc 1 127 0
 326 0122 24E0      		ldi r18,4
 327               		1:
 328 0124 D695      		lsr r29
 329 0126 C795      		ror r28
 330 0128 2A95      		dec r18
 331 012a 01F4      		brne 1b
 332               	.LVL27:
 333 012c CF70      		andi r28,lo8(15)
 128:quantum/keymap_common.c ****             break;
 334               		.loc 1 128 0
 335 012e 9C01      		movw r18,r24
 336 0130 3C2B      		or r19,r28
 337 0132 E901      		movw r28,r18
 129:quantum/keymap_common.c ****         case QK_MOD_TAP ... QK_MOD_TAP_MAX:
 338               		.loc 1 129 0
 339 0134 00C0      		rjmp .L10
 340               	.LVL28:
 341               	.L29:
  52:quantum/keymap_common.c ****         case KC_FN0 ... KC_FN31:
 342               		.loc 1 52 0
 343 0136 C83B      		cpi r28,-72
 344 0138 8CE5      		ldi r24,92
 345 013a D807      		cpc r29,r24
 346 013c 01F4      		brne .+2
 347 013e 00C0      		rjmp .L33
 348 0140 00F4      		brsh .L34
 349 0142 C63B      		cpi r28,-74
 350 0144 3CE5      		ldi r19,92
 351 0146 D307      		cpc r29,r19
 352 0148 01F4      		brne .+2
 353 014a 00C0      		rjmp .L35
 354 014c C73B      		cpi r28,-73
 355 014e DC45      		sbci r29,92
 356 0150 01F0      		breq .+2
 357 0152 00C0      		rjmp .L6
 358               	.LVL29:
 148:quantum/keymap_common.c ****             break;
 359               		.loc 1 148 0
 360 0154 C0E0      		ldi r28,0
 361 0156 D2ED      		ldi r29,lo8(-46)
 362               	.LVL30:
 149:quantum/keymap_common.c ****         case BL_STEP:
 363               		.loc 1 149 0
 364 0158 00C0      		rjmp .L10
 365               	.LVL31:
 366               	.L34:
  52:quantum/keymap_common.c ****         case KC_FN0 ... KC_FN31:
 367               		.loc 1 52 0
 368 015a CE01      		movw r24,r28
 369 015c 9056      		subi r25,96
 370 015e 8115      		cp r24,__zero_reg__
 371 0160 9042      		sbci r25,32
 372 0162 00F0      		brlo .+2
 373 0164 00C0      		rjmp .L6
 131:quantum/keymap_common.c ****             action.code = ACTION_MODS_TAP_KEY(mod, keycode & 0xFF);
 374               		.loc 1 131 0
 375 0166 8D2F      		mov r24,r29
 376 0168 8F71      		andi r24,lo8(31)
 377 016a 0E94 0000 		call mod_config
 378               	.LVL32:
 132:quantum/keymap_common.c ****             break;
 379               		.loc 1 132 0
 380 016e DD27      		clr r29
 381               	.LVL33:
 382 0170 D062      		ori r29,32
 383 0172 8F71      		andi r24,lo8(31)
 384               	.LVL34:
 385 0174 D82B      		or r29,r24
 386               	.LVL35:
 133:quantum/keymap_common.c ****     #ifdef BACKLIGHT_ENABLE
 387               		.loc 1 133 0
 388 0176 00C0      		rjmp .L10
 389               	.LVL36:
 390               	.L12:
  61:quantum/keymap_common.c ****             break;
 391               		.loc 1 61 0
 392 0178 853A      		cpi r24,-91
 393 017a 9105      		cpc r25,__zero_reg__
 394 017c 01F4      		brne .+2
 395 017e 00C0      		rjmp .L39
  61:quantum/keymap_common.c ****             break;
 396               		.loc 1 61 0 is_stmt 0 discriminator 1
 397 0180 863A      		cpi r24,-90
 398 0182 9105      		cpc r25,__zero_reg__
 399 0184 01F0      		breq .+2
 400 0186 00C0      		rjmp .L40
  61:quantum/keymap_common.c ****             break;
 401               		.loc 1 61 0
 402 0188 C2E8      		ldi r28,lo8(-126)
 403 018a D0E4      		ldi r29,lo8(64)
 404 018c 00C0      		rjmp .L10
 405               	.L13:
  64:quantum/keymap_common.c ****             break;
 406               		.loc 1 64 0 is_stmt 1
 407 018e 883A      		cpi r24,-88
 408 0190 9105      		cpc r25,__zero_reg__
 409 0192 01F4      		brne .+2
 410 0194 00C0      		rjmp .L41
  64:quantum/keymap_common.c ****             break;
 411               		.loc 1 64 0 is_stmt 0 discriminator 1
 412 0196 893A      		cpi r24,-87
 413 0198 9105      		cpc r25,__zero_reg__
 414 019a 01F4      		brne .+2
 415 019c 00C0      		rjmp .L42
  64:quantum/keymap_common.c ****             break;
 416               		.loc 1 64 0 discriminator 3
 417 019e 8A3A      		cpi r24,-86
 418 01a0 9105      		cpc r25,__zero_reg__
 419 01a2 01F4      		brne .+2
 420 01a4 00C0      		rjmp .L43
  64:quantum/keymap_common.c ****             break;
 421               		.loc 1 64 0 discriminator 5
 422 01a6 8B3A      		cpi r24,-85
 423 01a8 9105      		cpc r25,__zero_reg__
 424 01aa 01F4      		brne .+2
 425 01ac 00C0      		rjmp .L44
  64:quantum/keymap_common.c ****             break;
 426               		.loc 1 64 0 discriminator 7
 427 01ae 8C3A      		cpi r24,-84
 428 01b0 9105      		cpc r25,__zero_reg__
 429 01b2 01F4      		brne .+2
 430 01b4 00C0      		rjmp .L45
  64:quantum/keymap_common.c ****             break;
 431               		.loc 1 64 0 discriminator 9
 432 01b6 8B3B      		cpi r24,-69
 433 01b8 9105      		cpc r25,__zero_reg__
 434 01ba 01F4      		brne .+2
 435 01bc 00C0      		rjmp .L46
  64:quantum/keymap_common.c ****             break;
 436               		.loc 1 64 0 discriminator 11
 437 01be 8C3B      		cpi r24,-68
 438 01c0 9105      		cpc r25,__zero_reg__
 439 01c2 01F4      		brne .+2
 440 01c4 00C0      		rjmp .L47
  64:quantum/keymap_common.c ****             break;
 441               		.loc 1 64 0 discriminator 13
 442 01c6 8D3A      		cpi r24,-83
 443 01c8 9105      		cpc r25,__zero_reg__
 444 01ca 01F4      		brne .+2
 445 01cc 00C0      		rjmp .L48
  64:quantum/keymap_common.c ****             break;
 446               		.loc 1 64 0 discriminator 15
 447 01ce 803B      		cpi r24,-80
 448 01d0 9105      		cpc r25,__zero_reg__
 449 01d2 01F4      		brne .+2
 450 01d4 00C0      		rjmp .L49
  64:quantum/keymap_common.c ****             break;
 451               		.loc 1 64 0 discriminator 17
 452 01d6 8E3A      		cpi r24,-82
 453 01d8 9105      		cpc r25,__zero_reg__
 454 01da 01F4      		brne .+2
 455 01dc 00C0      		rjmp .L50
  64:quantum/keymap_common.c ****             break;
 456               		.loc 1 64 0 discriminator 19
 457 01de 8F3A      		cpi r24,-81
 458 01e0 9105      		cpc r25,__zero_reg__
 459 01e2 01F4      		brne .+2
 460 01e4 00C0      		rjmp .L51
  64:quantum/keymap_common.c ****             break;
 461               		.loc 1 64 0 discriminator 21
 462 01e6 813B      		cpi r24,-79
 463 01e8 9105      		cpc r25,__zero_reg__
 464 01ea 01F4      		brne .+2
 465 01ec 00C0      		rjmp .L52
  64:quantum/keymap_common.c ****             break;
 466               		.loc 1 64 0 discriminator 23
 467 01ee 823B      		cpi r24,-78
 468 01f0 9105      		cpc r25,__zero_reg__
 469 01f2 01F4      		brne .+2
 470 01f4 00C0      		rjmp .L53
  64:quantum/keymap_common.c ****             break;
 471               		.loc 1 64 0 discriminator 25
 472 01f6 833B      		cpi r24,-77
 473 01f8 9105      		cpc r25,__zero_reg__
 474 01fa 01F4      		brne .+2
 475 01fc 00C0      		rjmp .L54
  64:quantum/keymap_common.c ****             break;
 476               		.loc 1 64 0 discriminator 27
 477 01fe 843B      		cpi r24,-76
 478 0200 9105      		cpc r25,__zero_reg__
 479 0202 01F4      		brne .+2
 480 0204 00C0      		rjmp .L55
  64:quantum/keymap_common.c ****             break;
 481               		.loc 1 64 0 discriminator 29
 482 0206 853B      		cpi r24,-75
 483 0208 9105      		cpc r25,__zero_reg__
 484 020a 01F4      		brne .+2
 485 020c 00C0      		rjmp .L56
  64:quantum/keymap_common.c ****             break;
 486               		.loc 1 64 0 discriminator 31
 487 020e 863B      		cpi r24,-74
 488 0210 9105      		cpc r25,__zero_reg__
 489 0212 01F4      		brne .+2
 490 0214 00C0      		rjmp .L57
  64:quantum/keymap_common.c ****             break;
 491               		.loc 1 64 0 discriminator 33
 492 0216 873B      		cpi r24,-73
 493 0218 9105      		cpc r25,__zero_reg__
 494 021a 01F4      		brne .+2
 495 021c 00C0      		rjmp .L58
  64:quantum/keymap_common.c ****             break;
 496               		.loc 1 64 0 discriminator 35
 497 021e 883B      		cpi r24,-72
 498 0220 9105      		cpc r25,__zero_reg__
 499 0222 01F4      		brne .+2
 500 0224 00C0      		rjmp .L59
  64:quantum/keymap_common.c ****             break;
 501               		.loc 1 64 0 discriminator 37
 502 0226 893B      		cpi r24,-71
 503 0228 9105      		cpc r25,__zero_reg__
 504 022a 01F4      		brne .+2
 505 022c 00C0      		rjmp .L60
  64:quantum/keymap_common.c ****             break;
 506               		.loc 1 64 0 discriminator 39
 507 022e 8A3B      		cpi r24,-70
 508 0230 9105      		cpc r25,__zero_reg__
 509 0232 01F4      		brne .+2
 510 0234 00C0      		rjmp .L61
  64:quantum/keymap_common.c ****             break;
 511               		.loc 1 64 0
 512 0236 C0E0      		ldi r28,0
 513 0238 D4E4      		ldi r29,lo8(68)
 514 023a 00C0      		rjmp .L10
 515               	.L16:
  80:quantum/keymap_common.c ****             break;
 516               		.loc 1 80 0 is_stmt 1
 517 023c 9F70      		andi r25,15
 518               	.LVL37:
 519               	.L71:
 520 023e 0E94 0000 		call keymap_function_id_to_action
 521               	.LVL38:
 522 0242 EC01      		movw r28,r24
 523               	.LVL39:
  81:quantum/keymap_common.c ****         case QK_MACRO ... QK_MACRO_MAX:
 524               		.loc 1 81 0
 525 0244 00C0      		rjmp .L10
 526               	.LVL40:
 527               	.L73:
 528 0246 9927      		clr r25
 529               	.LVL41:
  83:quantum/keymap_common.c ****                 action.code = ACTION_MACRO_TAP(keycode & 0xFF);
 530               		.loc 1 83 0
 531 0248 D3FF      		sbrs r29,3
 532 024a 00C0      		rjmp .L38
  84:quantum/keymap_common.c ****             else
 533               		.loc 1 84 0
 534 024c EC01      		movw r28,r24
 535               	.LVL42:
 536 024e D86C      		ori r29,200
 537               	.LVL43:
 538 0250 00C0      		rjmp .L10
 539               	.LVL44:
 540               	.L38:
  86:quantum/keymap_common.c ****             break;
 541               		.loc 1 86 0
 542 0252 EC01      		movw r28,r24
 543               	.LVL45:
 544 0254 D06C      		ori r29,192
 545               	.LVL46:
 546 0256 00C0      		rjmp .L10
 547               	.LVL47:
 548               	.L66:
  89:quantum/keymap_common.c ****             break;
 549               		.loc 1 89 0
 550 0258 DF70      		andi r29,15
 551 025a D06A      		ori r29,160
 552               	.LVL48:
  90:quantum/keymap_common.c ****         case QK_TO ... QK_TO_MAX: ;
 553               		.loc 1 90 0
 554 025c 00C0      		rjmp .L10
 555               	.LVL49:
 556               	.L8:
  95:quantum/keymap_common.c ****             break;
 557               		.loc 1 95 0
 558 025e 282F      		mov r18,r24
 559 0260 2370      		andi r18,lo8(3)
 560 0262 81E0      		ldi r24,lo8(1)
 561 0264 90E0      		ldi r25,0
 562               	.LVL50:
 563 0266 00C0      		rjmp 2f
 564               		1:
 565 0268 880F      		lsl r24
 566 026a 991F      		rol r25
 567               		2:
 568 026c 2A95      		dec r18
 569 026e 02F4      		brpl 1b
 570 0270 9C68      		ori r25,140
  93:quantum/keymap_common.c ****             action_layer = keycode & 0xF;
 571               		.loc 1 93 0
 572 0272 9E01      		movw r18,r28
 573 0274 74E0      		ldi r23,4
 574               		1:
 575 0276 3695      		lsr r19
 576 0278 2795      		ror r18
 577 027a 7A95      		dec r23
 578 027c 01F4      		brne 1b
 579 027e 2370      		andi r18,lo8(3)
 580 0280 922B      		or r25,r18
  94:quantum/keymap_common.c ****             action.code = ACTION_LAYER_SET(action_layer, when);
 581               		.loc 1 94 0
 582 0282 CF70      		andi r28,lo8(15)
 583               	.LVL51:
  95:quantum/keymap_common.c ****             break;
 584               		.loc 1 95 0
 585 0284 C695      		lsr r28
 586 0286 C695      		lsr r28
 587 0288 60E2      		ldi r22,lo8(32)
 588 028a C69F      		mul r28,r22
 589 028c E001      		movw r28,r0
 590 028e 1124      		clr __zero_reg__
 591 0290 C82B      		or r28,r24
 592 0292 D92B      		or r29,r25
 593               	.LVL52:
  96:quantum/keymap_common.c ****         case QK_MOMENTARY ... QK_MOMENTARY_MAX: ;
 594               		.loc 1 96 0
 595 0294 00C0      		rjmp .L10
 596               	.LVL53:
 597               	.L67:
 105:quantum/keymap_common.c ****             break;
 598               		.loc 1 105 0
 599 0296 2C2F      		mov r18,r28
 600 0298 2695      		lsr r18
 601 029a 2695      		lsr r18
 602 029c 80E2      		ldi r24,lo8(32)
 603 029e 289F      		mul r18,r24
 604 02a0 9001      		movw r18,r0
 605 02a2 1124      		clr __zero_reg__
 606 02a4 C370      		andi r28,3
 607 02a6 DD27      		clr r29
 608               	.LVL54:
 609 02a8 81E0      		ldi r24,lo8(1)
 610 02aa 90E0      		ldi r25,0
 611 02ac AC01      		movw r20,r24
 612 02ae 00C0      		rjmp 2f
 613               		1:
 614 02b0 440F      		lsl r20
 615 02b2 551F      		rol r21
 616               		2:
 617 02b4 CA95      		dec r28
 618 02b6 02F4      		brpl 1b
 619 02b8 EA01      		movw r28,r20
 620 02ba C22B      		or r28,r18
 621 02bc D32B      		or r29,r19
 622 02be DC68      		ori r29,140
 623               	.LVL55:
 106:quantum/keymap_common.c ****         case QK_TOGGLE_LAYER ... QK_TOGGLE_LAYER_MAX: ;
 624               		.loc 1 106 0
 625 02c0 00C0      		rjmp .L10
 626               	.LVL56:
 627               	.L23:
 110:quantum/keymap_common.c ****             break;
 628               		.loc 1 110 0
 629 02c2 2C2F      		mov r18,r28
 630 02c4 2695      		lsr r18
 631 02c6 2695      		lsr r18
 632 02c8 80E2      		ldi r24,lo8(32)
 633 02ca 289F      		mul r18,r24
 634 02cc 9001      		movw r18,r0
 635 02ce 1124      		clr __zero_reg__
 636 02d0 C370      		andi r28,3
 637 02d2 DD27      		clr r29
 638               	.LVL57:
 639 02d4 81E0      		ldi r24,lo8(1)
 640 02d6 90E0      		ldi r25,0
 641 02d8 AC01      		movw r20,r24
 642 02da 00C0      		rjmp 2f
 643               		1:
 644 02dc 440F      		lsl r20
 645 02de 551F      		rol r21
 646               		2:
 647 02e0 CA95      		dec r28
 648 02e2 02F4      		brpl 1b
 649 02e4 EA01      		movw r28,r20
 650 02e6 C22B      		or r28,r18
 651 02e8 D32B      		or r29,r19
 652 02ea DA68      		ori r29,138
 653               	.LVL58:
 111:quantum/keymap_common.c ****         case QK_ONE_SHOT_LAYER ... QK_ONE_SHOT_LAYER_MAX: ;
 654               		.loc 1 111 0
 655 02ec 00C0      		rjmp .L10
 656               	.LVL59:
 657               	.L26:
 115:quantum/keymap_common.c ****             break;
 658               		.loc 1 115 0
 659 02ee DC2F      		mov r29,r28
 660 02f0 CC27      		clr r28
 661               	.LVL60:
 662 02f2 C46F      		ori r28,244
 663 02f4 D06A      		ori r29,160
 664               	.LVL61:
 116:quantum/keymap_common.c ****         case QK_ONE_SHOT_MOD ... QK_ONE_SHOT_MOD_MAX: ;
 665               		.loc 1 116 0
 666 02f6 00C0      		rjmp .L10
 667               	.LVL62:
 668               	.L21:
 123:quantum/keymap_common.c ****             break;
 669               		.loc 1 123 0
 670 02f8 DC2F      		mov r29,r28
 671 02fa CC27      		clr r28
 672               	.LVL63:
 673 02fc C06F      		ori r28,240
 674 02fe D06A      		ori r29,160
 675               	.LVL64:
 124:quantum/keymap_common.c ****         case QK_LAYER_MOD ... QK_LAYER_MOD_MAX:
 676               		.loc 1 124 0
 677 0300 00C0      		rjmp .L10
 678               	.LVL65:
 679               	.L30:
 136:quantum/keymap_common.c ****             break;
 680               		.loc 1 136 0
 681 0302 C0E0      		ldi r28,0
 682 0304 D4ED      		ldi r29,lo8(-44)
 683               	.LVL66:
 137:quantum/keymap_common.c ****         case BL_OFF:
 684               		.loc 1 137 0
 685 0306 00C0      		rjmp .L10
 686               	.LVL67:
 687               	.L31:
 139:quantum/keymap_common.c ****             break;
 688               		.loc 1 139 0
 689 0308 C0E0      		ldi r28,0
 690 030a D5ED      		ldi r29,lo8(-43)
 691               	.LVL68:
 140:quantum/keymap_common.c ****         case BL_DEC:
 692               		.loc 1 140 0
 693 030c 00C0      		rjmp .L10
 694               	.LVL69:
 695               	.L28:
 142:quantum/keymap_common.c ****             break;
 696               		.loc 1 142 0
 697 030e C0E0      		ldi r28,0
 698 0310 D1ED      		ldi r29,lo8(-47)
 699               	.LVL70:
 143:quantum/keymap_common.c ****         case BL_INC:
 700               		.loc 1 143 0
 701 0312 00C0      		rjmp .L10
 702               	.LVL71:
 703               	.L35:
 145:quantum/keymap_common.c ****             break;
 704               		.loc 1 145 0
 705 0314 C0E0      		ldi r28,0
 706 0316 D0ED      		ldi r29,lo8(-48)
 707               	.LVL72:
 146:quantum/keymap_common.c ****         case BL_TOGG:
 708               		.loc 1 146 0
 709 0318 00C0      		rjmp .L10
 710               	.LVL73:
 711               	.L33:
 151:quantum/keymap_common.c ****             break;
 712               		.loc 1 151 0
 713 031a C0E0      		ldi r28,0
 714 031c D3ED      		ldi r29,lo8(-45)
 715               	.LVL74:
 152:quantum/keymap_common.c ****     #endif
 716               		.loc 1 152 0
 717 031e 00C0      		rjmp .L10
 718               	.LVL75:
 719               	.L6:
 161:quantum/keymap_common.c ****             break;
 720               		.loc 1 161 0
 721 0320 C0E0      		ldi r28,0
 722 0322 D0E0      		ldi r29,0
 723               	.LVL76:
 162:quantum/keymap_common.c ****     }
 724               		.loc 1 162 0
 725 0324 00C0      		rjmp .L10
 726               	.LVL77:
 727               	.L39:
  61:quantum/keymap_common.c ****             break;
 728               		.loc 1 61 0
 729 0326 C1E8      		ldi r28,lo8(-127)
 730 0328 D0E4      		ldi r29,lo8(64)
 731 032a 00C0      		rjmp .L10
 732               	.L40:
 733 032c C3E8      		ldi r28,lo8(-125)
 734 032e D0E4      		ldi r29,lo8(64)
 735 0330 00C0      		rjmp .L10
 736               	.L41:
  64:quantum/keymap_common.c ****             break;
 737               		.loc 1 64 0
 738 0332 C2EE      		ldi r28,lo8(-30)
 739 0334 D4E4      		ldi r29,lo8(68)
 740 0336 00C0      		rjmp .L10
 741               	.L42:
 742 0338 C9EE      		ldi r28,lo8(-23)
 743 033a D4E4      		ldi r29,lo8(68)
 744 033c 00C0      		rjmp .L10
 745               	.L43:
 746 033e CAEE      		ldi r28,lo8(-22)
 747 0340 D4E4      		ldi r29,lo8(68)
 748 0342 00C0      		rjmp .L10
 749               	.L44:
 750 0344 C5EB      		ldi r28,lo8(-75)
 751 0346 D4E4      		ldi r29,lo8(68)
 752 0348 00C0      		rjmp .L10
 753               	.L45:
 754 034a C6EB      		ldi r28,lo8(-74)
 755 034c D4E4      		ldi r29,lo8(68)
 756 034e 00C0      		rjmp .L10
 757               	.L46:
 758 0350 C3EB      		ldi r28,lo8(-77)
 759 0352 D4E4      		ldi r29,lo8(68)
 760 0354 00C0      		rjmp .L10
 761               	.L47:
 762 0356 C4EB      		ldi r28,lo8(-76)
 763 0358 D4E4      		ldi r29,lo8(68)
 764 035a 00C0      		rjmp .L10
 765               	.L48:
 766 035c C7EB      		ldi r28,lo8(-73)
 767 035e D4E4      		ldi r29,lo8(68)
 768 0360 00C0      		rjmp .L10
 769               	.L49:
 770 0362 CCEC      		ldi r28,lo8(-52)
 771 0364 D4E4      		ldi r29,lo8(68)
 772 0366 00C0      		rjmp .L10
 773               	.L50:
 774 0368 CDEC      		ldi r28,lo8(-51)
 775 036a D4E4      		ldi r29,lo8(68)
 776 036c 00C0      		rjmp .L10
 777               	.L51:
 778 036e C3E8      		ldi r28,lo8(-125)
 779 0370 D5E4      		ldi r29,lo8(69)
 780 0372 00C0      		rjmp .L10
 781               	.L52:
 782 0374 CAE8      		ldi r28,lo8(-118)
 783 0376 D5E4      		ldi r29,lo8(69)
 784 0378 00C0      		rjmp .L10
 785               	.L53:
 786 037a C2E9      		ldi r28,lo8(-110)
 787 037c D5E4      		ldi r29,lo8(69)
 788 037e 00C0      		rjmp .L10
 789               	.L54:
 790 0380 C4E9      		ldi r28,lo8(-108)
 791 0382 D5E4      		ldi r29,lo8(69)
 792 0384 00C0      		rjmp .L10
 793               	.L55:
 794 0386 C1E2      		ldi r28,lo8(33)
 795 0388 D6E4      		ldi r29,lo8(70)
 796 038a 00C0      		rjmp .L10
 797               	.L56:
 798 038c C3E2      		ldi r28,lo8(35)
 799 038e D6E4      		ldi r29,lo8(70)
 800 0390 00C0      		rjmp .L10
 801               	.L57:
 802 0392 C4E2      		ldi r28,lo8(36)
 803 0394 D6E4      		ldi r29,lo8(70)
 804 0396 00C0      		rjmp .L10
 805               	.L58:
 806 0398 C5E2      		ldi r28,lo8(37)
 807 039a D6E4      		ldi r29,lo8(70)
 808 039c 00C0      		rjmp .L10
 809               	.L59:
 810 039e C6E2      		ldi r28,lo8(38)
 811 03a0 D6E4      		ldi r29,lo8(70)
 812 03a2 00C0      		rjmp .L10
 813               	.L60:
 814 03a4 C7E2      		ldi r28,lo8(39)
 815 03a6 D6E4      		ldi r29,lo8(70)
 816 03a8 00C0      		rjmp .L10
 817               	.L61:
 818 03aa CAE2      		ldi r28,lo8(42)
 819 03ac D6E4      		ldi r29,lo8(70)
 820               	.LVL78:
 821               	.L10:
 165:quantum/keymap_common.c **** 
 822               		.loc 1 165 0
 823 03ae CE01      		movw r24,r28
 824               	/* epilogue start */
 825 03b0 DF91      		pop r29
 826 03b2 CF91      		pop r28
 827               	.LVL79:
 828 03b4 0895      		ret
 829               		.cfi_endproc
 830               	.LFE110:
 832               		.weak	fn_actions
 833               		.section	.progmem.data.fn_actions,"a",@progbits
 836               	fn_actions:
 837               		.text
 838               	.Letext0:
 839               		.file 2 "/usr/lib/avr/include/stdint.h"
 840               		.file 3 "./tmk_core/common/keyboard.h"
 841               		.file 4 "./tmk_core/common/keycode.h"
 842               		.file 5 "./tmk_core/common/action_code.h"
 843               		.file 6 "./tmk_core/common/action_macro.h"
 844               		.file 7 "./tmk_core/common/action.h"
 845               		.file 8 "./tmk_core/common/report.h"
 846               		.file 9 "quantum/quantum_keycodes.h"
 847               		.file 10 "./lib/lufa/LUFA/Drivers/USB/Core/USBTask.h"
 848               		.file 11 "quantum/keymap.h"
 849               		.file 12 "./tmk_core/common/action_util.h"
 850               		.file 13 "quantum/keycode_config.h"
DEFINED SYMBOLS
                            *ABS*:0000000000000000 keymap_common.c
     /tmp/cclvmul1.s:2      *ABS*:000000000000003e __SP_H__
     /tmp/cclvmul1.s:3      *ABS*:000000000000003d __SP_L__
     /tmp/cclvmul1.s:4      *ABS*:000000000000003f __SREG__
     /tmp/cclvmul1.s:5      *ABS*:0000000000000000 __tmp_reg__
     /tmp/cclvmul1.s:6      *ABS*:0000000000000001 __zero_reg__
     /tmp/cclvmul1.s:13     .text.action_get_macro:0000000000000000 action_get_macro
     /tmp/cclvmul1.s:34     .text.action_function:0000000000000000 action_function
     /tmp/cclvmul1.s:50     .text.keymap_key_to_keycode:0000000000000000 keymap_key_to_keycode
     /tmp/cclvmul1.s:94     .text.keymap_function_id_to_action:0000000000000000 keymap_function_id_to_action
     /tmp/cclvmul1.s:836    .progmem.data.fn_actions:0000000000000000 fn_actions
     /tmp/cclvmul1.s:128    .text.action_for_key:0000000000000000 action_for_key

UNDEFINED SYMBOLS
keymaps
keycode_config
mod_config
